# JRE version: OpenJDK Runtime Environment Temurin-17.0.12+7 (17.0.12+7) (build 17.0.12+7)
# Java VM: OpenJDK 64-Bit Server VM Temurin-17.0.12+7 (17.0.12+7, mixed mode, tiered, compressed oops, compressed class ptrs, parallel gc, windows-amd64)
GC Precious Log:
 CPUs: 12 total, 12 available
 Memory: 16095M
 Large Page Support: Disabled
 NUMA Support: Disabled
 Compressed Oops: Enabled (32-bit)
 Alignments: Space 512K, Generation 512K, Heap 2M
 Heap Min Capacity: 100M
 Heap Initial Capacity: 100M
 Heap Max Capacity: 1G
 Pre-touch: Disabled
 Parallel Workers: 10
Heap:
 PSYoungGen      total 11264K, used 10526K [0x00000000eab00000, 0x00000000eb880000, 0x0000000100000000)
  eden space 9216K, 94% used [0x00000000eab00000,0x00000000eb377580,0x00000000eb400000)
  from space 2048K, 90% used [0x00000000eb680000,0x00000000eb8502c0,0x00000000eb880000)
  to   space 2048K, 0% used [0x00000000eb480000,0x00000000eb480000,0x00000000eb680000)
 ParOldGen       total 214016K, used 204168K [0x00000000c0000000, 0x00000000cd100000, 0x00000000eab00000)
  object space 214016K, 95% used [0x00000000c0000000,0x00000000cc762120,0x00000000cd100000)
 Metaspace       used 62770K, committed 64000K, reserved 1114112K
  class space    used 6627K, committed 7168K, reserved 1048576K
GC Heap History (20 events):
Event: 11.897 GC heap before
{Heap before GC invocations=165 (full 8):
 PSYoungGen      total 7168K, used 1408K [0x00000000eab00000, 0x00000000eb480000, 0x0000000100000000)
  eden space 5632K, 0% used [0x00000000eab00000,0x00000000eab00000,0x00000000eb080000)
  from space 1536K, 91% used [0x00000000eb080000,0x00000000eb1e0000,0x00000000eb200000)
  to   space 2048K, 0% used [0x00000000eb280000,0x00000000eb280000,0x00000000eb480000)
 ParOldGen       total 184320K, used 182248K [0x00000000c0000000, 0x00000000cb400000, 0x00000000eab00000)
  object space 184320K, 98% used [0x00000000c0000000,0x00000000cb1fa258,0x00000000cb400000)
 Metaspace       used 62466K, committed 63680K, reserved 1114112K
  class space    used 6585K, committed 7104K, reserved 1048576K
}
Event: 11.957 GC heap after
{Heap after GC invocations=165 (full 8):
 PSYoungGen      total 7680K, used 0K [0x00000000eab00000, 0x00000000eb480000, 0x0000000100000000)
  eden space 5632K, 0% used [0x00000000eab00000,0x00000000eab00000,0x00000000eb080000)
  from space 2048K, 0% used [0x00000000eb280000,0x00000000eb280000,0x00000000eb480000)
  to   space 2048K, 0% used [0x00000000eb080000,0x00000000eb080000,0x00000000eb280000)
 ParOldGen       total 214016K, used 178195K [0x00000000c0000000, 0x00000000cd100000, 0x00000000eab00000)
  object space 214016K, 83% used [0x00000000c0000000,0x00000000cae04e48,0x00000000cd100000)
 Metaspace       used 62466K, committed 63680K, reserved 1114112K
  class space    used 6585K, committed 7104K, reserved 1048576K
}
Event: 11.978 GC heap before
{Heap before GC invocations=166 (full 8):
 PSYoungGen      total 7680K, used 5632K [0x00000000eab00000, 0x00000000eb480000, 0x0000000100000000)
  eden space 5632K, 100% used [0x00000000eab00000,0x00000000eb080000,0x00000000eb080000)
  from space 2048K, 0% used [0x00000000eb280000,0x00000000eb280000,0x00000000eb480000)
  to   space 2048K, 0% used [0x00000000eb080000,0x00000000eb080000,0x00000000eb280000)
 ParOldGen       total 214016K, used 178195K [0x00000000c0000000, 0x00000000cd100000, 0x00000000eab00000)
  object space 214016K, 83% used [0x00000000c0000000,0x00000000cae04e48,0x00000000cd100000)
 Metaspace       used 62469K, committed 63680K, reserved 1114112K
  class space    used 6585K, committed 7104K, reserved 1048576K
}
Event: 11.979 GC heap after
{Heap after GC invocations=166 (full 8):
 PSYoungGen      total 7680K, used 1515K [0x00000000eab00000, 0x00000000eb480000, 0x0000000100000000)
  eden space 5632K, 0% used [0x00000000eab00000,0x00000000eab00000,0x00000000eb080000)
  from space 2048K, 73% used [0x00000000eb080000,0x00000000eb1face8,0x00000000eb280000)
  to   space 2048K, 0% used [0x00000000eb280000,0x00000000eb280000,0x00000000eb480000)
 ParOldGen       total 214016K, used 178195K [0x00000000c0000000, 0x00000000cd100000, 0x00000000eab00000)
  object space 214016K, 83% used [0x00000000c0000000,0x00000000cae04e48,0x00000000cd100000)
 Metaspace       used 62469K, committed 63680K, reserved 1114112K
  class space    used 6585K, committed 7104K, reserved 1048576K
}
Event: 12.021 GC heap before
{Heap before GC invocations=167 (full 8):
 PSYoungGen      total 7680K, used 7147K [0x00000000eab00000, 0x00000000eb480000, 0x0000000100000000)
  eden space 5632K, 100% used [0x00000000eab00000,0x00000000eb080000,0x00000000eb080000)
  from space 2048K, 73% used [0x00000000eb080000,0x00000000eb1face8,0x00000000eb280000)
  to   space 2048K, 0% used [0x00000000eb280000,0x00000000eb280000,0x00000000eb480000)
 ParOldGen       total 214016K, used 178195K [0x00000000c0000000, 0x00000000cd100000, 0x00000000eab00000)
  object space 214016K, 83% used [0x00000000c0000000,0x00000000cae04e48,0x00000000cd100000)
 Metaspace       used 62493K, committed 63744K, reserved 1114112K
  class space    used 6587K, committed 7104K, reserved 1048576K
}
Event: 12.024 GC heap after
{Heap after GC invocations=167 (full 8):
 PSYoungGen      total 7680K, used 1882K [0x00000000eab00000, 0x00000000eb480000, 0x0000000100000000)
  eden space 5632K, 0% used [0x00000000eab00000,0x00000000eab00000,0x00000000eb080000)
  from space 2048K, 91% used [0x00000000eb280000,0x00000000eb4568c0,0x00000000eb480000)
  to   space 2048K, 0% used [0x00000000eb080000,0x00000000eb080000,0x00000000eb280000)
 ParOldGen       total 214016K, used 181659K [0x00000000c0000000, 0x00000000cd100000, 0x00000000eab00000)
  object space 214016K, 84% used [0x00000000c0000000,0x00000000cb166e50,0x00000000cd100000)
 Metaspace       used 62493K, committed 63744K, reserved 1114112K
  class space    used 6587K, committed 7104K, reserved 1048576K
}
Event: 12.038 GC heap before
{Heap before GC invocations=168 (full 8):
 PSYoungGen      total 7680K, used 7514K [0x00000000eab00000, 0x00000000eb480000, 0x0000000100000000)
  eden space 5632K, 100% used [0x00000000eab00000,0x00000000eb080000,0x00000000eb080000)
  from space 2048K, 91% used [0x00000000eb280000,0x00000000eb4568c0,0x00000000eb480000)
  to   space 2048K, 0% used [0x00000000eb080000,0x00000000eb080000,0x00000000eb280000)
 ParOldGen       total 214016K, used 181659K [0x00000000c0000000, 0x00000000cd100000, 0x00000000eab00000)
  object space 214016K, 84% used [0x00000000c0000000,0x00000000cb166e50,0x00000000cd100000)
 Metaspace       used 62513K, committed 63744K, reserved 1114112K
  class space    used 6592K, committed 7104K, reserved 1048576K
}
Event: 12.040 GC heap after
{Heap after GC invocations=168 (full 8):
 PSYoungGen      total 7680K, used 2016K [0x00000000eab00000, 0x00000000eb780000, 0x0000000100000000)
  eden space 5632K, 0% used [0x00000000eab00000,0x00000000eab00000,0x00000000eb080000)
  from space 2048K, 98% used [0x00000000eb080000,0x00000000eb2783a8,0x00000000eb280000)
  to   space 3584K, 0% used [0x00000000eb400000,0x00000000eb400000,0x00000000eb780000)
 ParOldGen       total 214016K, used 182713K [0x00000000c0000000, 0x00000000cd100000, 0x00000000eab00000)
  object space 214016K, 85% used [0x00000000c0000000,0x00000000cb26e6f8,0x00000000cd100000)
 Metaspace       used 62513K, committed 63744K, reserved 1114112K
  class space    used 6592K, committed 7104K, reserved 1048576K
}
Event: 12.051 GC heap before
{Heap before GC invocations=169 (full 8):
 PSYoungGen      total 7680K, used 7648K [0x00000000eab00000, 0x00000000eb780000, 0x0000000100000000)
  eden space 5632K, 100% used [0x00000000eab00000,0x00000000eb080000,0x00000000eb080000)
  from space 2048K, 98% used [0x00000000eb080000,0x00000000eb2783a8,0x00000000eb280000)
  to   space 3584K, 0% used [0x00000000eb400000,0x00000000eb400000,0x00000000eb780000)
 ParOldGen       total 214016K, used 182713K [0x00000000c0000000, 0x00000000cd100000, 0x00000000eab00000)
  object space 214016K, 85% used [0x00000000c0000000,0x00000000cb26e6f8,0x00000000cd100000)
 Metaspace       used 62579K, committed 63808K, reserved 1114112K
  class space    used 6601K, committed 7104K, reserved 1048576K
}
Event: 12.053 GC heap after
{Heap after GC invocations=169 (full 8):
 PSYoungGen      total 9728K, used 2354K [0x00000000eab00000, 0x00000000eb780000, 0x0000000100000000)
  eden space 6144K, 0% used [0x00000000eab00000,0x00000000eab00000,0x00000000eb100000)
  from space 3584K, 65% used [0x00000000eb400000,0x00000000eb64cb70,0x00000000eb780000)
  to   space 3072K, 0% used [0x00000000eb100000,0x00000000eb100000,0x00000000eb400000)
 ParOldGen       total 214016K, used 183625K [0x00000000c0000000, 0x00000000cd100000, 0x00000000eab00000)
  object space 214016K, 85% used [0x00000000c0000000,0x00000000cb3525b8,0x00000000cd100000)
 Metaspace       used 62579K, committed 63808K, reserved 1114112K
  class space    used 6601K, committed 7104K, reserved 1048576K
}
Event: 12.064 GC heap before
{Heap before GC invocations=170 (full 8):
 PSYoungGen      total 9728K, used 8498K [0x00000000eab00000, 0x00000000eb780000, 0x0000000100000000)
  eden space 6144K, 100% used [0x00000000eab00000,0x00000000eb100000,0x00000000eb100000)
  from space 3584K, 65% used [0x00000000eb400000,0x00000000eb64cb70,0x00000000eb780000)
  to   space 3072K, 0% used [0x00000000eb100000,0x00000000eb100000,0x00000000eb400000)
 ParOldGen       total 214016K, used 183625K [0x00000000c0000000, 0x00000000cd100000, 0x00000000eab00000)
  object space 214016K, 85% used [0x00000000c0000000,0x00000000cb3525b8,0x00000000cd100000)
 Metaspace       used 62618K, committed 63808K, reserved 1114112K
  class space    used 6604K, committed 7104K, reserved 1048576K
}
Event: 12.065 GC heap after
{Heap after GC invocations=170 (full 8):
 PSYoungGen      total 9216K, used 3066K [0x00000000eab00000, 0x00000000eba00000, 0x0000000100000000)
  eden space 6144K, 0% used [0x00000000eab00000,0x00000000eab00000,0x00000000eb100000)
  from space 3072K, 99% used [0x00000000eb100000,0x00000000eb3fea00,0x00000000eb400000)
  to   space 4096K, 0% used [0x00000000eb600000,0x00000000eb600000,0x00000000eba00000)
 ParOldGen       total 214016K, used 184123K [0x00000000c0000000, 0x00000000cd100000, 0x00000000eab00000)
  object space 214016K, 86% used [0x00000000c0000000,0x00000000cb3cec38,0x00000000cd100000)
 Metaspace       used 62618K, committed 63808K, reserved 1114112K
  class space    used 6604K, committed 7104K, reserved 1048576K
}
Event: 12.077 GC heap before
{Heap before GC invocations=171 (full 8):
 PSYoungGen      total 9216K, used 9210K [0x00000000eab00000, 0x00000000eba00000, 0x0000000100000000)
  eden space 6144K, 100% used [0x00000000eab00000,0x00000000eb100000,0x00000000eb100000)
  from space 3072K, 99% used [0x00000000eb100000,0x00000000eb3fea00,0x00000000eb400000)
  to   space 4096K, 0% used [0x00000000eb600000,0x00000000eb600000,0x00000000eba00000)
 ParOldGen       total 214016K, used 184123K [0x00000000c0000000, 0x00000000cd100000, 0x00000000eab00000)
  object space 214016K, 86% used [0x00000000c0000000,0x00000000cb3cec38,0x00000000cd100000)
 Metaspace       used 62645K, committed 63872K, reserved 1114112K
  class space    used 6606K, committed 7104K, reserved 1048576K
}
Event: 12.079 GC heap after
{Heap after GC invocations=171 (full 8):
 PSYoungGen      total 10240K, used 2799K [0x00000000eab00000, 0x00000000eb900000, 0x0000000100000000)
  eden space 7168K, 0% used [0x00000000eab00000,0x00000000eab00000,0x00000000eb200000)
  from space 3072K, 91% used [0x00000000eb600000,0x00000000eb8bbd70,0x00000000eb900000)
  to   space 3584K, 0% used [0x00000000eb200000,0x00000000eb200000,0x00000000eb580000)
 ParOldGen       total 214016K, used 185918K [0x00000000c0000000, 0x00000000cd100000, 0x00000000eab00000)
  object space 214016K, 86% used [0x00000000c0000000,0x00000000cb58f970,0x00000000cd100000)
 Metaspace       used 62645K, committed 63872K, reserved 1114112K
  class space    used 6606K, committed 7104K, reserved 1048576K
}
Event: 12.093 GC heap before
{Heap before GC invocations=172 (full 8):
 PSYoungGen      total 10240K, used 9967K [0x00000000eab00000, 0x00000000eb900000, 0x0000000100000000)
  eden space 7168K, 100% used [0x00000000eab00000,0x00000000eb200000,0x00000000eb200000)
  from space 3072K, 91% used [0x00000000eb600000,0x00000000eb8bbd70,0x00000000eb900000)
  to   space 3584K, 0% used [0x00000000eb200000,0x00000000eb200000,0x00000000eb580000)
 ParOldGen       total 214016K, used 185918K [0x00000000c0000000, 0x00000000cd100000, 0x00000000eab00000)
  object space 214016K, 86% used [0x00000000c0000000,0x00000000cb58f970,0x00000000cd100000)
 Metaspace       used 62662K, committed 63872K, reserved 1114112K
  class space    used 6608K, committed 7104K, reserved 1048576K
}
Event: 12.095 GC heap after
{Heap after GC invocations=172 (full 8):
 PSYoungGen      total 10752K, used 1763K [0x00000000eab00000, 0x00000000eb800000, 0x0000000100000000)
  eden space 7168K, 0% used [0x00000000eab00000,0x00000000eab00000,0x00000000eb200000)
  from space 3584K, 49% used [0x00000000eb200000,0x00000000eb3b8fc0,0x00000000eb580000)
  to   space 2560K, 0% used [0x00000000eb580000,0x00000000eb580000,0x00000000eb800000)
 ParOldGen       total 214016K, used 188517K [0x00000000c0000000, 0x00000000cd100000, 0x00000000eab00000)
  object space 214016K, 88% used [0x00000000c0000000,0x00000000cb819590,0x00000000cd100000)
 Metaspace       used 62662K, committed 63872K, reserved 1114112K
  class space    used 6608K, committed 7104K, reserved 1048576K
}
Event: 12.108 GC heap before
{Heap before GC invocations=173 (full 8):
 PSYoungGen      total 10752K, used 8931K [0x00000000eab00000, 0x00000000eb800000, 0x0000000100000000)
  eden space 7168K, 100% used [0x00000000eab00000,0x00000000eb200000,0x00000000eb200000)
  from space 3584K, 49% used [0x00000000eb200000,0x00000000eb3b8fc0,0x00000000eb580000)
  to   space 2560K, 0% used [0x00000000eb580000,0x00000000eb580000,0x00000000eb800000)
 ParOldGen       total 214016K, used 188517K [0x00000000c0000000, 0x00000000cd100000, 0x00000000eab00000)
  object space 214016K, 88% used [0x00000000c0000000,0x00000000cb819590,0x00000000cd100000)
 Metaspace       used 62685K, committed 63872K, reserved 1114112K
  class space    used 6609K, committed 7104K, reserved 1048576K
}
Event: 12.109 GC heap after
{Heap after GC invocations=173 (full 8):
 PSYoungGen      total 10240K, used 1721K [0x00000000eab00000, 0x00000000eb780000, 0x0000000100000000)
  eden space 8192K, 0% used [0x00000000eab00000,0x00000000eab00000,0x00000000eb300000)
  from space 2048K, 84% used [0x00000000eb580000,0x00000000eb72e5b8,0x00000000eb780000)
  to   space 2048K, 0% used [0x00000000eb380000,0x00000000eb380000,0x00000000eb580000)
 ParOldGen       total 214016K, used 190051K [0x00000000c0000000, 0x00000000cd100000, 0x00000000eab00000)
  object space 214016K, 88% used [0x00000000c0000000,0x00000000cb998dc8,0x00000000cd100000)
 Metaspace       used 62685K, committed 63872K, reserved 1114112K
  class space    used 6609K, committed 7104K, reserved 1048576K
}
Event: 12.124 GC heap before
{Heap before GC invocations=174 (full 8):
 PSYoungGen      total 10240K, used 9913K [0x00000000eab00000, 0x00000000eb780000, 0x0000000100000000)
  eden space 8192K, 100% used [0x00000000eab00000,0x00000000eb300000,0x00000000eb300000)
  from space 2048K, 84% used [0x00000000eb580000,0x00000000eb72e5b8,0x00000000eb780000)
  to   space 2048K, 0% used [0x00000000eb380000,0x00000000eb380000,0x00000000eb580000)
 ParOldGen       total 214016K, used 190051K [0x00000000c0000000, 0x00000000cd100000, 0x00000000eab00000)
  object space 214016K, 88% used [0x00000000c0000000,0x00000000cb998dc8,0x00000000cd100000)
 Metaspace       used 62714K, committed 63936K, reserved 1114112K
  class space    used 6612K, committed 7104K, reserved 1048576K
}
Event: 12.125 GC heap after
{Heap after GC invocations=174 (full 8):
 PSYoungGen      total 10752K, used 1996K [0x00000000eab00000, 0x00000000eb900000, 0x0000000100000000)
  eden space 8704K, 0% used [0x00000000eab00000,0x00000000eab00000,0x00000000eb380000)
  from space 2048K, 97% used [0x00000000eb380000,0x00000000eb573380,0x00000000eb580000)
  to   space 2560K, 0% used [0x00000000eb680000,0x00000000eb680000,0x00000000eb900000)
 ParOldGen       total 214016K, used 191589K [0x00000000c0000000, 0x00000000cd100000, 0x00000000eab00000)
  object space 214016K, 89% used [0x00000000c0000000,0x00000000cbb195a8,0x00000000cd100000)
 Metaspace       used 62714K, committed 63936K, reserved 1114112K
  class space    used 6612K, committed 7104K, reserved 1048576K
}

