# JRE version: OpenJDK Runtime Environment Temurin-17.0.12+7 (17.0.12+7) (build 17.0.12+7)
# Java VM: OpenJDK 64-Bit Server VM Temurin-17.0.12+7 (17.0.12+7, mixed mode, tiered, compressed oops, compressed class ptrs, parallel gc, windows-amd64)
GC Precious Log:
 CPUs: 12 total, 12 available
 Memory: 16095M
 Large Page Support: Disabled
 NUMA Support: Disabled
 Compressed Oops: Enabled (32-bit)
 Alignments: Space 512K, Generation 512K, Heap 2M
 Heap Min Capacity: 100M
 Heap Initial Capacity: 100M
 Heap Max Capacity: 1G
 Pre-touch: Disabled
 Parallel Workers: 10
Heap:
 PSYoungGen      total 114688K, used 85021K [0x00000000eab00000, 0x00000000f5800000, 0x0000000100000000)
  eden space 73728K, 59% used [0x00000000eab00000,0x00000000ed60b448,0x00000000ef300000)
  from space 40960K, 99% used [0x00000000ef500000,0x00000000f1cfc008,0x00000000f1d00000)
  to   space 51712K, 0% used [0x00000000f2580000,0x00000000f2580000,0x00000000f5800000)
 ParOldGen       total 596992K, used 490060K [0x00000000c0000000, 0x00000000e4700000, 0x00000000eab00000)
  object space 596992K, 82% used [0x00000000c0000000,0x00000000dde933c8,0x00000000e4700000)
 Metaspace       used 77582K, committed 78976K, reserved 1179648K
  class space    used 7930K, committed 8576K, reserved 1048576K
GC Heap History (20 events):
Event: 505.693 GC heap before
{Heap before GC invocations=351 (full 15):
 PSYoungGen      total 51712K, used 8435K [0x00000000eab00000, 0x00000000ee680000, 0x0000000100000000)
  eden space 43008K, 0% used [0x00000000eab00000,0x00000000eab00000,0x00000000ed500000)
  from space 8704K, 96% used [0x00000000ede00000,0x00000000ee63cdd8,0x00000000ee680000)
  to   space 8704K, 0% used [0x00000000ed580000,0x00000000ed580000,0x00000000ede00000)
 ParOldGen       total 398336K, used 395800K [0x00000000c0000000, 0x00000000d8500000, 0x00000000eab00000)
  object space 398336K, 99% used [0x00000000c0000000,0x00000000d82861e0,0x00000000d8500000)
 Metaspace       used 75735K, committed 77056K, reserved 1179648K
  class space    used 7768K, committed 8384K, reserved 1048576K
}
Event: 505.933 GC heap after
{Heap after GC invocations=351 (full 15):
 PSYoungGen      total 52224K, used 0K [0x00000000eab00000, 0x00000000eeb00000, 0x0000000100000000)
  eden space 43520K, 0% used [0x00000000eab00000,0x00000000eab00000,0x00000000ed580000)
  from space 8704K, 0% used [0x00000000ed580000,0x00000000ed580000,0x00000000ede00000)
  to   space 8704K, 0% used [0x00000000ee280000,0x00000000ee280000,0x00000000eeb00000)
 ParOldGen       total 481792K, used 397016K [0x00000000c0000000, 0x00000000dd680000, 0x00000000eab00000)
  object space 481792K, 82% used [0x00000000c0000000,0x00000000d83b62b8,0x00000000dd680000)
 Metaspace       used 75735K, committed 77056K, reserved 1179648K
  class space    used 7768K, committed 8384K, reserved 1048576K
}
Event: 506.035 GC heap before
{Heap before GC invocations=352 (full 15):
 PSYoungGen      total 52224K, used 43520K [0x00000000eab00000, 0x00000000eeb00000, 0x0000000100000000)
  eden space 43520K, 100% used [0x00000000eab00000,0x00000000ed580000,0x00000000ed580000)
  from space 8704K, 0% used [0x00000000ed580000,0x00000000ed580000,0x00000000ede00000)
  to   space 8704K, 0% used [0x00000000ee280000,0x00000000ee280000,0x00000000eeb00000)
 ParOldGen       total 481792K, used 397016K [0x00000000c0000000, 0x00000000dd680000, 0x00000000eab00000)
  object space 481792K, 82% used [0x00000000c0000000,0x00000000d83b62b8,0x00000000dd680000)
 Metaspace       used 75735K, committed 77056K, reserved 1179648K
  class space    used 7768K, committed 8384K, reserved 1048576K
}
Event: 506.048 GC heap after
{Heap after GC invocations=352 (full 15):
 PSYoungGen      total 55296K, used 8686K [0x00000000eab00000, 0x00000000eee00000, 0x0000000100000000)
  eden space 46592K, 0% used [0x00000000eab00000,0x00000000eab00000,0x00000000ed880000)
  from space 8704K, 99% used [0x00000000ee280000,0x00000000eeafbbb0,0x00000000eeb00000)
  to   space 10240K, 0% used [0x00000000ed880000,0x00000000ed880000,0x00000000ee280000)
 ParOldGen       total 481792K, used 397883K [0x00000000c0000000, 0x00000000dd680000, 0x00000000eab00000)
  object space 481792K, 82% used [0x00000000c0000000,0x00000000d848ed60,0x00000000dd680000)
 Metaspace       used 75735K, committed 77056K, reserved 1179648K
  class space    used 7768K, committed 8384K, reserved 1048576K
}
Event: 506.159 GC heap before
{Heap before GC invocations=353 (full 15):
 PSYoungGen      total 55296K, used 55278K [0x00000000eab00000, 0x00000000eee00000, 0x0000000100000000)
  eden space 46592K, 100% used [0x00000000eab00000,0x00000000ed880000,0x00000000ed880000)
  from space 8704K, 99% used [0x00000000ee280000,0x00000000eeafbbb0,0x00000000eeb00000)
  to   space 10240K, 0% used [0x00000000ed880000,0x00000000ed880000,0x00000000ee280000)
 ParOldGen       total 481792K, used 397883K [0x00000000c0000000, 0x00000000dd680000, 0x00000000eab00000)
  object space 481792K, 82% used [0x00000000c0000000,0x00000000d848ed60,0x00000000dd680000)
 Metaspace       used 75735K, committed 77056K, reserved 1179648K
  class space    used 7768K, committed 8384K, reserved 1048576K
}
Event: 506.174 GC heap after
{Heap after GC invocations=353 (full 15):
 PSYoungGen      total 56832K, used 10198K [0x00000000eab00000, 0x00000000ef280000, 0x0000000100000000)
  eden space 46592K, 0% used [0x00000000eab00000,0x00000000eab00000,0x00000000ed880000)
  from space 10240K, 99% used [0x00000000ed880000,0x00000000ee275bf0,0x00000000ee280000)
  to   space 10752K, 0% used [0x00000000ee800000,0x00000000ee800000,0x00000000ef280000)
 ParOldGen       total 481792K, used 405811K [0x00000000c0000000, 0x00000000dd680000, 0x00000000eab00000)
  object space 481792K, 84% used [0x00000000c0000000,0x00000000d8c4cfb0,0x00000000dd680000)
 Metaspace       used 75735K, committed 77056K, reserved 1179648K
  class space    used 7768K, committed 8384K, reserved 1048576K
}
Event: 506.272 GC heap before
{Heap before GC invocations=354 (full 15):
 PSYoungGen      total 56832K, used 56790K [0x00000000eab00000, 0x00000000ef280000, 0x0000000100000000)
  eden space 46592K, 100% used [0x00000000eab00000,0x00000000ed880000,0x00000000ed880000)
  from space 10240K, 99% used [0x00000000ed880000,0x00000000ee275bf0,0x00000000ee280000)
  to   space 10752K, 0% used [0x00000000ee800000,0x00000000ee800000,0x00000000ef280000)
 ParOldGen       total 481792K, used 405811K [0x00000000c0000000, 0x00000000dd680000, 0x00000000eab00000)
  object space 481792K, 84% used [0x00000000c0000000,0x00000000d8c4cfb0,0x00000000dd680000)
 Metaspace       used 75735K, committed 77056K, reserved 1179648K
  class space    used 7768K, committed 8384K, reserved 1048576K
}
Event: 506.290 GC heap after
{Heap after GC invocations=354 (full 15):
 PSYoungGen      total 62464K, used 10360K [0x00000000eab00000, 0x00000000ef280000, 0x0000000100000000)
  eden space 51712K, 0% used [0x00000000eab00000,0x00000000eab00000,0x00000000edd80000)
  from space 10752K, 96% used [0x00000000ee800000,0x00000000ef21e150,0x00000000ef280000)
  to   space 10752K, 0% used [0x00000000edd80000,0x00000000edd80000,0x00000000ee800000)
 ParOldGen       total 481792K, used 415275K [0x00000000c0000000, 0x00000000dd680000, 0x00000000eab00000)
  object space 481792K, 86% used [0x00000000c0000000,0x00000000d958acc0,0x00000000dd680000)
 Metaspace       used 75735K, committed 77056K, reserved 1179648K
  class space    used 7768K, committed 8384K, reserved 1048576K
}
Event: 506.393 GC heap before
{Heap before GC invocations=355 (full 15):
 PSYoungGen      total 62464K, used 62072K [0x00000000eab00000, 0x00000000ef280000, 0x0000000100000000)
  eden space 51712K, 100% used [0x00000000eab00000,0x00000000edd80000,0x00000000edd80000)
  from space 10752K, 96% used [0x00000000ee800000,0x00000000ef21e150,0x00000000ef280000)
  to   space 10752K, 0% used [0x00000000edd80000,0x00000000edd80000,0x00000000ee800000)
 ParOldGen       total 481792K, used 415275K [0x00000000c0000000, 0x00000000dd680000, 0x00000000eab00000)
  object space 481792K, 86% used [0x00000000c0000000,0x00000000d958acc0,0x00000000dd680000)
 Metaspace       used 75735K, committed 77056K, reserved 1179648K
  class space    used 7768K, committed 8384K, reserved 1048576K
}
Event: 506.412 GC heap after
{Heap after GC invocations=355 (full 15):
 PSYoungGen      total 62464K, used 10727K [0x00000000eab00000, 0x00000000f1300000, 0x0000000100000000)
  eden space 51712K, 0% used [0x00000000eab00000,0x00000000eab00000,0x00000000edd80000)
  from space 10752K, 99% used [0x00000000edd80000,0x00000000ee7f9cc0,0x00000000ee800000)
  to   space 24576K, 0% used [0x00000000efb00000,0x00000000efb00000,0x00000000f1300000)
 ParOldGen       total 481792K, used 427024K [0x00000000c0000000, 0x00000000dd680000, 0x00000000eab00000)
  object space 481792K, 88% used [0x00000000c0000000,0x00000000da104148,0x00000000dd680000)
 Metaspace       used 75735K, committed 77056K, reserved 1179648K
  class space    used 7768K, committed 8384K, reserved 1048576K
}
Event: 506.451 GC heap before
{Heap before GC invocations=356 (full 15):
 PSYoungGen      total 62464K, used 62439K [0x00000000eab00000, 0x00000000f1300000, 0x0000000100000000)
  eden space 51712K, 100% used [0x00000000eab00000,0x00000000edd80000,0x00000000edd80000)
  from space 10752K, 99% used [0x00000000edd80000,0x00000000ee7f9cc0,0x00000000ee800000)
  to   space 24576K, 0% used [0x00000000efb00000,0x00000000efb00000,0x00000000f1300000)
 ParOldGen       total 481792K, used 427024K [0x00000000c0000000, 0x00000000dd680000, 0x00000000eab00000)
  object space 481792K, 88% used [0x00000000c0000000,0x00000000da104148,0x00000000dd680000)
 Metaspace       used 75735K, committed 77056K, reserved 1179648K
  class space    used 7768K, committed 8384K, reserved 1048576K
}
Event: 506.471 GC heap after
{Heap after GC invocations=356 (full 15):
 PSYoungGen      total 76288K, used 17665K [0x00000000eab00000, 0x00000000f0c80000, 0x0000000100000000)
  eden space 58368K, 0% used [0x00000000eab00000,0x00000000eab00000,0x00000000ee400000)
  from space 17920K, 98% used [0x00000000efb00000,0x00000000f0c40440,0x00000000f0c80000)
  to   space 19456K, 0% used [0x00000000ee680000,0x00000000ee680000,0x00000000ef980000)
 ParOldGen       total 481792K, used 437562K [0x00000000c0000000, 0x00000000dd680000, 0x00000000eab00000)
  object space 481792K, 90% used [0x00000000c0000000,0x00000000dab4eb90,0x00000000dd680000)
 Metaspace       used 75735K, committed 77056K, reserved 1179648K
  class space    used 7768K, committed 8384K, reserved 1048576K
}
Event: 506.865 GC heap before
{Heap before GC invocations=357 (full 15):
 PSYoungGen      total 76288K, used 76033K [0x00000000eab00000, 0x00000000f0c80000, 0x0000000100000000)
  eden space 58368K, 100% used [0x00000000eab00000,0x00000000ee400000,0x00000000ee400000)
  from space 17920K, 98% used [0x00000000efb00000,0x00000000f0c40440,0x00000000f0c80000)
  to   space 19456K, 0% used [0x00000000ee680000,0x00000000ee680000,0x00000000ef980000)
 ParOldGen       total 481792K, used 437562K [0x00000000c0000000, 0x00000000dd680000, 0x00000000eab00000)
  object space 481792K, 90% used [0x00000000c0000000,0x00000000dab4eb90,0x00000000dd680000)
 Metaspace       used 75735K, committed 77056K, reserved 1179648K
  class space    used 7768K, committed 8384K, reserved 1048576K
}
Event: 506.905 GC heap after
{Heap after GC invocations=357 (full 15):
 PSYoungGen      total 80384K, used 19434K [0x00000000eab00000, 0x00000000f5080000, 0x0000000100000000)
  eden space 60928K, 0% used [0x00000000eab00000,0x00000000eab00000,0x00000000ee680000)
  from space 19456K, 99% used [0x00000000ee680000,0x00000000ef97a818,0x00000000ef980000)
  to   space 52224K, 0% used [0x00000000f1d80000,0x00000000f1d80000,0x00000000f5080000)
 ParOldGen       total 481792K, used 465226K [0x00000000c0000000, 0x00000000dd680000, 0x00000000eab00000)
  object space 481792K, 96% used [0x00000000c0000000,0x00000000dc652ad8,0x00000000dd680000)
 Metaspace       used 75735K, committed 77056K, reserved 1179648K
  class space    used 7768K, committed 8384K, reserved 1048576K
}
Event: 506.905 GC heap before
{Heap before GC invocations=358 (full 16):
 PSYoungGen      total 80384K, used 19434K [0x00000000eab00000, 0x00000000f5080000, 0x0000000100000000)
  eden space 60928K, 0% used [0x00000000eab00000,0x00000000eab00000,0x00000000ee680000)
  from space 19456K, 99% used [0x00000000ee680000,0x00000000ef97a818,0x00000000ef980000)
  to   space 52224K, 0% used [0x00000000f1d80000,0x00000000f1d80000,0x00000000f5080000)
 ParOldGen       total 481792K, used 465226K [0x00000000c0000000, 0x00000000dd680000, 0x00000000eab00000)
  object space 481792K, 96% used [0x00000000c0000000,0x00000000dc652ad8,0x00000000dd680000)
 Metaspace       used 75735K, committed 77056K, reserved 1179648K
  class space    used 7768K, committed 8384K, reserved 1048576K
}
Event: 507.156 GC heap after
{Heap after GC invocations=358 (full 16):
 PSYoungGen      total 80384K, used 488K [0x00000000eab00000, 0x00000000f5300000, 0x0000000100000000)
  eden space 60928K, 0% used [0x00000000eab00000,0x00000000eab00000,0x00000000ee680000)
  from space 19456K, 2% used [0x00000000ee680000,0x00000000ee6fa020,0x00000000ef980000)
  to   space 52224K, 0% used [0x00000000f2000000,0x00000000f2000000,0x00000000f5300000)
 ParOldGen       total 596992K, used 481457K [0x00000000c0000000, 0x00000000e4700000, 0x00000000eab00000)
  object space 596992K, 80% used [0x00000000c0000000,0x00000000dd62c658,0x00000000e4700000)
 Metaspace       used 75735K, committed 77056K, reserved 1179648K
  class space    used 7768K, committed 8384K, reserved 1048576K
}
Event: 508.479 GC heap before
{Heap before GC invocations=359 (full 16):
 PSYoungGen      total 80384K, used 61416K [0x00000000eab00000, 0x00000000f5300000, 0x0000000100000000)
  eden space 60928K, 100% used [0x00000000eab00000,0x00000000ee680000,0x00000000ee680000)
  from space 19456K, 2% used [0x00000000ee680000,0x00000000ee6fa020,0x00000000ef980000)
  to   space 52224K, 0% used [0x00000000f2000000,0x00000000f2000000,0x00000000f5300000)
 ParOldGen       total 596992K, used 481457K [0x00000000c0000000, 0x00000000e4700000, 0x00000000eab00000)
  object space 596992K, 80% used [0x00000000c0000000,0x00000000dd62c658,0x00000000e4700000)
 Metaspace       used 75762K, committed 77120K, reserved 1179648K
  class space    used 7769K, committed 8384K, reserved 1048576K
}
Event: 508.531 GC heap after
{Heap after GC invocations=359 (full 16):
 PSYoungGen      total 104960K, used 37729K [0x00000000eab00000, 0x00000000f4500000, 0x0000000100000000)
  eden space 67072K, 0% used [0x00000000eab00000,0x00000000eab00000,0x00000000eec80000)
  from space 37888K, 99% used [0x00000000f2000000,0x00000000f44d8758,0x00000000f4500000)
  to   space 40960K, 0% used [0x00000000ef500000,0x00000000ef500000,0x00000000f1d00000)
 ParOldGen       total 596992K, used 481657K [0x00000000c0000000, 0x00000000e4700000, 0x00000000eab00000)
  object space 596992K, 80% used [0x00000000c0000000,0x00000000dd65e658,0x00000000e4700000)
 Metaspace       used 75762K, committed 77120K, reserved 1179648K
  class space    used 7769K, committed 8384K, reserved 1048576K
}
Event: 508.904 GC heap before
{Heap before GC invocations=360 (full 16):
 PSYoungGen      total 104960K, used 104801K [0x00000000eab00000, 0x00000000f4500000, 0x0000000100000000)
  eden space 67072K, 100% used [0x00000000eab00000,0x00000000eec80000,0x00000000eec80000)
  from space 37888K, 99% used [0x00000000f2000000,0x00000000f44d8758,0x00000000f4500000)
  to   space 40960K, 0% used [0x00000000ef500000,0x00000000ef500000,0x00000000f1d00000)
 ParOldGen       total 596992K, used 481657K [0x00000000c0000000, 0x00000000e4700000, 0x00000000eab00000)
  object space 596992K, 80% used [0x00000000c0000000,0x00000000dd65e658,0x00000000e4700000)
 Metaspace       used 75940K, committed 77248K, reserved 1179648K
  class space    used 7777K, committed 8384K, reserved 1048576K
}
Event: 508.938 GC heap after
{Heap after GC invocations=360 (full 16):
 PSYoungGen      total 114688K, used 40944K [0x00000000eab00000, 0x00000000f5800000, 0x0000000100000000)
  eden space 73728K, 0% used [0x00000000eab00000,0x00000000eab00000,0x00000000ef300000)
  from space 40960K, 99% used [0x00000000ef500000,0x00000000f1cfc008,0x00000000f1d00000)
  to   space 51712K, 0% used [0x00000000f2580000,0x00000000f2580000,0x00000000f5800000)
 ParOldGen       total 596992K, used 490060K [0x00000000c0000000, 0x00000000e4700000, 0x00000000eab00000)
  object space 596992K, 82% used [0x00000000c0000000,0x00000000dde933c8,0x00000000e4700000)
 Metaspace       used 75940K, committed 77248K, reserved 1179648K
  class space    used 7777K, committed 8384K, reserved 1048576K
}

