# JRE version: OpenJDK Runtime Environment Temurin-17.0.12+7 (17.0.12+7) (build 17.0.12+7)
# Java VM: OpenJDK 64-Bit Server VM Temurin-17.0.12+7 (17.0.12+7, mixed mode, tiered, compressed oops, compressed class ptrs, parallel gc, windows-amd64)
GC Precious Log:
 CPUs: 12 total, 12 available
 Memory: 16095M
 Large Page Support: Disabled
 NUMA Support: Disabled
 Compressed Oops: Enabled (32-bit)
 Alignments: Space 512K, Generation 512K, Heap 2M
 Heap Min Capacity: 100M
 Heap Initial Capacity: 100M
 Heap Max Capacity: 1G
 Pre-touch: Disabled
 Parallel Workers: 10
Heap:
 PSYoungGen      total 11264K, used 6875K [0x00000000eab00000, 0x00000000ebb80000, 0x0000000100000000)
  eden space 9216K, 52% used [0x00000000eab00000,0x00000000eafb8a68,0x00000000eb400000)
  from space 2048K, 99% used [0x00000000eb780000,0x00000000eb97e430,0x00000000eb980000)
  to   space 3584K, 0% used [0x00000000eb400000,0x00000000eb400000,0x00000000eb780000)
 ParOldGen       total 155648K, used 103189K [0x00000000c0000000, 0x00000000c9800000, 0x00000000eab00000)
  object space 155648K, 66% used [0x00000000c0000000,0x00000000c64c5468,0x00000000c9800000)
 Metaspace       used 81616K, committed 82816K, reserved 1179648K
  class space    used 8405K, committed 8896K, reserved 1048576K
GC Heap History (20 events):
Event: 1787.268 GC heap before
{Heap before GC invocations=266 (full 12):
 PSYoungGen      total 14336K, used 14009K [0x00000000eab00000, 0x00000000ebe00000, 0x0000000100000000)
  eden space 10240K, 99% used [0x00000000eab00000,0x00000000eb4ffff8,0x00000000eb500000)
  from space 4096K, 92% used [0x00000000eba00000,0x00000000ebdae778,0x00000000ebe00000)
  to   space 4608K, 0% used [0x00000000eb500000,0x00000000eb500000,0x00000000eb980000)
 ParOldGen       total 130560K, used 127718K [0x00000000c0000000, 0x00000000c7f80000, 0x00000000eab00000)
  object space 130560K, 97% used [0x00000000c0000000,0x00000000c7cb9818,0x00000000c7f80000)
 Metaspace       used 81010K, committed 82304K, reserved 1179648K
  class space    used 8349K, committed 8896K, reserved 1048576K
}
Event: 1787.270 GC heap after
{Heap after GC invocations=266 (full 12):
 PSYoungGen      total 14336K, used 3734K [0x00000000eab00000, 0x00000000ebd00000, 0x0000000100000000)
  eden space 10240K, 0% used [0x00000000eab00000,0x00000000eab00000,0x00000000eb500000)
  from space 4096K, 91% used [0x00000000eb500000,0x00000000eb8a5bb0,0x00000000eb900000)
  to   space 4096K, 0% used [0x00000000eb900000,0x00000000eb900000,0x00000000ebd00000)
 ParOldGen       total 130560K, used 127718K [0x00000000c0000000, 0x00000000c7f80000, 0x00000000eab00000)
  object space 130560K, 97% used [0x00000000c0000000,0x00000000c7cb9818,0x00000000c7f80000)
 Metaspace       used 81010K, committed 82304K, reserved 1179648K
  class space    used 8349K, committed 8896K, reserved 1048576K
}
Event: 1788.236 GC heap before
{Heap before GC invocations=267 (full 12):
 PSYoungGen      total 14336K, used 13974K [0x00000000eab00000, 0x00000000ebd00000, 0x0000000100000000)
  eden space 10240K, 100% used [0x00000000eab00000,0x00000000eb500000,0x00000000eb500000)
  from space 4096K, 91% used [0x00000000eb500000,0x00000000eb8a5bb0,0x00000000eb900000)
  to   space 4096K, 0% used [0x00000000eb900000,0x00000000eb900000,0x00000000ebd00000)
 ParOldGen       total 130560K, used 127718K [0x00000000c0000000, 0x00000000c7f80000, 0x00000000eab00000)
  object space 130560K, 97% used [0x00000000c0000000,0x00000000c7cb9818,0x00000000c7f80000)
 Metaspace       used 81088K, committed 82368K, reserved 1179648K
  class space    used 8349K, committed 8896K, reserved 1048576K
}
Event: 1788.239 GC heap after
{Heap after GC invocations=267 (full 12):
 PSYoungGen      total 14336K, used 3712K [0x00000000eab00000, 0x00000000ebd00000, 0x0000000100000000)
  eden space 10240K, 0% used [0x00000000eab00000,0x00000000eab00000,0x00000000eb500000)
  from space 4096K, 90% used [0x00000000eb900000,0x00000000ebca0210,0x00000000ebd00000)
  to   space 4096K, 0% used [0x00000000eb500000,0x00000000eb500000,0x00000000eb900000)
 ParOldGen       total 130560K, used 127718K [0x00000000c0000000, 0x00000000c7f80000, 0x00000000eab00000)
  object space 130560K, 97% used [0x00000000c0000000,0x00000000c7cb9818,0x00000000c7f80000)
 Metaspace       used 81088K, committed 82368K, reserved 1179648K
  class space    used 8349K, committed 8896K, reserved 1048576K
}
Event: 1950.283 GC heap before
{Heap before GC invocations=268 (full 12):
 PSYoungGen      total 14336K, used 13952K [0x00000000eab00000, 0x00000000ebd00000, 0x0000000100000000)
  eden space 10240K, 100% used [0x00000000eab00000,0x00000000eb500000,0x00000000eb500000)
  from space 4096K, 90% used [0x00000000eb900000,0x00000000ebca0210,0x00000000ebd00000)
  to   space 4096K, 0% used [0x00000000eb500000,0x00000000eb500000,0x00000000eb900000)
 ParOldGen       total 130560K, used 127718K [0x00000000c0000000, 0x00000000c7f80000, 0x00000000eab00000)
  object space 130560K, 97% used [0x00000000c0000000,0x00000000c7cb9818,0x00000000c7f80000)
 Metaspace       used 81348K, committed 82560K, reserved 1179648K
  class space    used 8394K, committed 8896K, reserved 1048576K
}
Event: 1950.288 GC heap after
{Heap after GC invocations=268 (full 12):
 PSYoungGen      total 14336K, used 4063K [0x00000000eab00000, 0x00000000ebe00000, 0x0000000100000000)
  eden space 10240K, 0% used [0x00000000eab00000,0x00000000eab00000,0x00000000eb500000)
  from space 4096K, 99% used [0x00000000eb500000,0x00000000eb8f7ee8,0x00000000eb900000)
  to   space 4608K, 0% used [0x00000000eb980000,0x00000000eb980000,0x00000000ebe00000)
 ParOldGen       total 130560K, used 127726K [0x00000000c0000000, 0x00000000c7f80000, 0x00000000eab00000)
  object space 130560K, 97% used [0x00000000c0000000,0x00000000c7cbb818,0x00000000c7f80000)
 Metaspace       used 81348K, committed 82560K, reserved 1179648K
  class space    used 8394K, committed 8896K, reserved 1048576K
}
Event: 1953.427 GC heap before
{Heap before GC invocations=269 (full 12):
 PSYoungGen      total 14336K, used 14303K [0x00000000eab00000, 0x00000000ebe00000, 0x0000000100000000)
  eden space 10240K, 100% used [0x00000000eab00000,0x00000000eb500000,0x00000000eb500000)
  from space 4096K, 99% used [0x00000000eb500000,0x00000000eb8f7ee8,0x00000000eb900000)
  to   space 4608K, 0% used [0x00000000eb980000,0x00000000eb980000,0x00000000ebe00000)
 ParOldGen       total 130560K, used 127726K [0x00000000c0000000, 0x00000000c7f80000, 0x00000000eab00000)
  object space 130560K, 97% used [0x00000000c0000000,0x00000000c7cbb818,0x00000000c7f80000)
 Metaspace       used 81435K, committed 82624K, reserved 1179648K
  class space    used 8398K, committed 8896K, reserved 1048576K
}
Event: 1953.432 GC heap after
{Heap after GC invocations=269 (full 12):
 PSYoungGen      total 14336K, used 4586K [0x00000000eab00000, 0x00000000ebf00000, 0x0000000100000000)
  eden space 9728K, 0% used [0x00000000eab00000,0x00000000eab00000,0x00000000eb480000)
  from space 4608K, 99% used [0x00000000eb980000,0x00000000ebdfabb8,0x00000000ebe00000)
  to   space 5120K, 0% used [0x00000000eb480000,0x00000000eb480000,0x00000000eb980000)
 ParOldGen       total 130560K, used 127798K [0x00000000c0000000, 0x00000000c7f80000, 0x00000000eab00000)
  object space 130560K, 97% used [0x00000000c0000000,0x00000000c7ccd818,0x00000000c7f80000)
 Metaspace       used 81435K, committed 82624K, reserved 1179648K
  class space    used 8398K, committed 8896K, reserved 1048576K
}
Event: 1953.541 GC heap before
{Heap before GC invocations=270 (full 12):
 PSYoungGen      total 14336K, used 14314K [0x00000000eab00000, 0x00000000ebf00000, 0x0000000100000000)
  eden space 9728K, 100% used [0x00000000eab00000,0x00000000eb480000,0x00000000eb480000)
  from space 4608K, 99% used [0x00000000eb980000,0x00000000ebdfabb8,0x00000000ebe00000)
  to   space 5120K, 0% used [0x00000000eb480000,0x00000000eb480000,0x00000000eb980000)
 ParOldGen       total 130560K, used 127798K [0x00000000c0000000, 0x00000000c7f80000, 0x00000000eab00000)
  object space 130560K, 97% used [0x00000000c0000000,0x00000000c7ccd818,0x00000000c7f80000)
 Metaspace       used 81442K, committed 82624K, reserved 1179648K
  class space    used 8398K, committed 8896K, reserved 1048576K
}
Event: 1953.546 GC heap after
{Heap after GC invocations=270 (full 12):
 PSYoungGen      total 14848K, used 5112K [0x00000000eab00000, 0x00000000ec080000, 0x0000000100000000)
  eden space 9728K, 0% used [0x00000000eab00000,0x00000000eab00000,0x00000000eb480000)
  from space 5120K, 99% used [0x00000000eb480000,0x00000000eb97e318,0x00000000eb980000)
  to   space 6144K, 0% used [0x00000000eba80000,0x00000000eba80000,0x00000000ec080000)
 ParOldGen       total 130560K, used 128318K [0x00000000c0000000, 0x00000000c7f80000, 0x00000000eab00000)
  object space 130560K, 98% used [0x00000000c0000000,0x00000000c7d4fa70,0x00000000c7f80000)
 Metaspace       used 81442K, committed 82624K, reserved 1179648K
  class space    used 8398K, committed 8896K, reserved 1048576K
}
Event: 1953.625 GC heap before
{Heap before GC invocations=271 (full 12):
 PSYoungGen      total 14848K, used 14840K [0x00000000eab00000, 0x00000000ec080000, 0x0000000100000000)
  eden space 9728K, 100% used [0x00000000eab00000,0x00000000eb480000,0x00000000eb480000)
  from space 5120K, 99% used [0x00000000eb480000,0x00000000eb97e318,0x00000000eb980000)
  to   space 6144K, 0% used [0x00000000eba80000,0x00000000eba80000,0x00000000ec080000)
 ParOldGen       total 130560K, used 128318K [0x00000000c0000000, 0x00000000c7f80000, 0x00000000eab00000)
  object space 130560K, 98% used [0x00000000c0000000,0x00000000c7d4fa70,0x00000000c7f80000)
 Metaspace       used 81478K, committed 82688K, reserved 1179648K
  class space    used 8398K, committed 8896K, reserved 1048576K
}
Event: 1953.632 GC heap after
{Heap after GC invocations=271 (full 12):
 PSYoungGen      total 13824K, used 3687K [0x00000000eab00000, 0x00000000ebe80000, 0x0000000100000000)
  eden space 9728K, 0% used [0x00000000eab00000,0x00000000eab00000,0x00000000eb480000)
  from space 4096K, 90% used [0x00000000eba80000,0x00000000ebe19cd8,0x00000000ebe80000)
  to   space 4608K, 0% used [0x00000000eb580000,0x00000000eb580000,0x00000000eba00000)
 ParOldGen       total 131584K, used 131091K [0x00000000c0000000, 0x00000000c8080000, 0x00000000eab00000)
  object space 131584K, 99% used [0x00000000c0000000,0x00000000c8004cd0,0x00000000c8080000)
 Metaspace       used 81478K, committed 82688K, reserved 1179648K
  class space    used 8398K, committed 8896K, reserved 1048576K
}
Event: 1953.632 GC heap before
{Heap before GC invocations=272 (full 13):
 PSYoungGen      total 13824K, used 3687K [0x00000000eab00000, 0x00000000ebe80000, 0x0000000100000000)
  eden space 9728K, 0% used [0x00000000eab00000,0x00000000eab00000,0x00000000eb480000)
  from space 4096K, 90% used [0x00000000eba80000,0x00000000ebe19cd8,0x00000000ebe80000)
  to   space 4608K, 0% used [0x00000000eb580000,0x00000000eb580000,0x00000000eba00000)
 ParOldGen       total 131584K, used 131091K [0x00000000c0000000, 0x00000000c8080000, 0x00000000eab00000)
  object space 131584K, 99% used [0x00000000c0000000,0x00000000c8004cd0,0x00000000c8080000)
 Metaspace       used 81478K, committed 82688K, reserved 1179648K
  class space    used 8398K, committed 8896K, reserved 1048576K
}
Event: 1953.902 GC heap after
{Heap after GC invocations=272 (full 13):
 PSYoungGen      total 10240K, used 0K [0x00000000eab00000, 0x00000000ebd80000, 0x0000000100000000)
  eden space 9728K, 0% used [0x00000000eab00000,0x00000000eab00000,0x00000000eb480000)
  from space 512K, 0% used [0x00000000eb580000,0x00000000eb580000,0x00000000eb600000)
  to   space 4608K, 0% used [0x00000000eb900000,0x00000000eb900000,0x00000000ebd80000)
 ParOldGen       total 155648K, used 102276K [0x00000000c0000000, 0x00000000c9800000, 0x00000000eab00000)
  object space 155648K, 65% used [0x00000000c0000000,0x00000000c63e1030,0x00000000c9800000)
 Metaspace       used 81478K, committed 82688K, reserved 1179648K
  class space    used 8398K, committed 8896K, reserved 1048576K
}
Event: 1954.015 GC heap before
{Heap before GC invocations=273 (full 13):
 PSYoungGen      total 10240K, used 9728K [0x00000000eab00000, 0x00000000ebd80000, 0x0000000100000000)
  eden space 9728K, 100% used [0x00000000eab00000,0x00000000eb480000,0x00000000eb480000)
  from space 512K, 0% used [0x00000000eb580000,0x00000000eb580000,0x00000000eb600000)
  to   space 4608K, 0% used [0x00000000eb900000,0x00000000eb900000,0x00000000ebd80000)
 ParOldGen       total 155648K, used 102276K [0x00000000c0000000, 0x00000000c9800000, 0x00000000eab00000)
  object space 155648K, 65% used [0x00000000c0000000,0x00000000c63e1030,0x00000000c9800000)
 Metaspace       used 81517K, committed 82752K, reserved 1179648K
  class space    used 8398K, committed 8896K, reserved 1048576K
}
Event: 1954.018 GC heap after
{Heap after GC invocations=273 (full 13):
 PSYoungGen      total 11264K, used 1329K [0x00000000eab00000, 0x00000000eba80000, 0x0000000100000000)
  eden space 9728K, 0% used [0x00000000eab00000,0x00000000eab00000,0x00000000eb480000)
  from space 1536K, 86% used [0x00000000eb900000,0x00000000eba4c418,0x00000000eba80000)
  to   space 2560K, 0% used [0x00000000eb580000,0x00000000eb580000,0x00000000eb800000)
 ParOldGen       total 155648K, used 102276K [0x00000000c0000000, 0x00000000c9800000, 0x00000000eab00000)
  object space 155648K, 65% used [0x00000000c0000000,0x00000000c63e1030,0x00000000c9800000)
 Metaspace       used 81517K, committed 82752K, reserved 1179648K
  class space    used 8398K, committed 8896K, reserved 1048576K
}
Event: 1956.567 GC heap before
{Heap before GC invocations=274 (full 13):
 PSYoungGen      total 11264K, used 11057K [0x00000000eab00000, 0x00000000eba80000, 0x0000000100000000)
  eden space 9728K, 100% used [0x00000000eab00000,0x00000000eb480000,0x00000000eb480000)
  from space 1536K, 86% used [0x00000000eb900000,0x00000000eba4c418,0x00000000eba80000)
  to   space 2560K, 0% used [0x00000000eb580000,0x00000000eb580000,0x00000000eb800000)
 ParOldGen       total 155648K, used 102276K [0x00000000c0000000, 0x00000000c9800000, 0x00000000eab00000)
  object space 155648K, 65% used [0x00000000c0000000,0x00000000c63e1030,0x00000000c9800000)
 Metaspace       used 81542K, committed 82752K, reserved 1179648K
  class space    used 8398K, committed 8896K, reserved 1048576K
}
Event: 1956.569 GC heap after
{Heap after GC invocations=274 (full 13):
 PSYoungGen      total 11776K, used 1739K [0x00000000eab00000, 0x00000000eb980000, 0x0000000100000000)
  eden space 9728K, 0% used [0x00000000eab00000,0x00000000eab00000,0x00000000eb480000)
  from space 2048K, 84% used [0x00000000eb580000,0x00000000eb732d38,0x00000000eb780000)
  to   space 2048K, 0% used [0x00000000eb780000,0x00000000eb780000,0x00000000eb980000)
 ParOldGen       total 155648K, used 102284K [0x00000000c0000000, 0x00000000c9800000, 0x00000000eab00000)
  object space 155648K, 65% used [0x00000000c0000000,0x00000000c63e3030,0x00000000c9800000)
 Metaspace       used 81542K, committed 82752K, reserved 1179648K
  class space    used 8398K, committed 8896K, reserved 1048576K
}
Event: 1956.724 GC heap before
{Heap before GC invocations=275 (full 13):
 PSYoungGen      total 11776K, used 11467K [0x00000000eab00000, 0x00000000eb980000, 0x0000000100000000)
  eden space 9728K, 100% used [0x00000000eab00000,0x00000000eb480000,0x00000000eb480000)
  from space 2048K, 84% used [0x00000000eb580000,0x00000000eb732d38,0x00000000eb780000)
  to   space 2048K, 0% used [0x00000000eb780000,0x00000000eb780000,0x00000000eb980000)
 ParOldGen       total 155648K, used 102284K [0x00000000c0000000, 0x00000000c9800000, 0x00000000eab00000)
  object space 155648K, 65% used [0x00000000c0000000,0x00000000c63e3030,0x00000000c9800000)
 Metaspace       used 81561K, committed 82752K, reserved 1179648K
  class space    used 8398K, committed 8896K, reserved 1048576K
}
Event: 1956.726 GC heap after
{Heap after GC invocations=275 (full 13):
 PSYoungGen      total 11264K, used 2041K [0x00000000eab00000, 0x00000000ebb80000, 0x0000000100000000)
  eden space 9216K, 0% used [0x00000000eab00000,0x00000000eab00000,0x00000000eb400000)
  from space 2048K, 99% used [0x00000000eb780000,0x00000000eb97e430,0x00000000eb980000)
  to   space 3584K, 0% used [0x00000000eb400000,0x00000000eb400000,0x00000000eb780000)
 ParOldGen       total 155648K, used 103189K [0x00000000c0000000, 0x00000000c9800000, 0x00000000eab00000)
  object space 155648K, 66% used [0x00000000c0000000,0x00000000c64c5468,0x00000000c9800000)
 Metaspace       used 81561K, committed 82752K, reserved 1179648K
  class space    used 8398K, committed 8896K, reserved 1048576K
}

